<?xml version="1.0" encoding="UTF-8"?>
<!-- Generated by org.testng.reporters.JUnitReportReporter -->
<testsuite hostname="DESKTOP-SI05JPA" failures="0" tests="1" name="StepDefinitions.Runner" time="35.990" errors="0" timestamp="2023-01-11T12:40:03 IST" skipped="0">
  <testcase classname="StepDefinitions.Runner" name="runScenario" time="35.990"/>
  <system-out>
    <![CDATA[The website is opened by using the provided url]]>
  </system-out>
</testsuite> <!-- StepDefinitions.Runner -->
